c:\program files (x86)\camfrog\camfrog bot\dev\samples\sample-src\temp\debug\vc120.pdb
c:\program files (x86)\camfrog\camfrog bot\dev\samples\sample-src\temp\debug\vc120.idb
c:\program files (x86)\camfrog\camfrog bot\dev\samples\sample-src\temp\debug\bot_packet.obj
c:\program files (x86)\camfrog\camfrog bot\dev\samples\sample-src\temp\debug\bot_manager.obj
c:\program files (x86)\camfrog\camfrog bot\dev\samples\sample-src\temp\debug\bot_manager_item.obj
c:\program files (x86)\camfrog\camfrog bot\dev\samples\sample-src\temp\debug\sample.obj
c:\program files (x86)\camfrog\camfrog bot\dev\samples\sample-src\temp\debug\xml_interface.obj
c:\program files (x86)\camfrog\camfrog bot\dev\samples\sample-src\temp\debug\game.obj
c:\program files (x86)\camfrog\camfrog bot\dev\samples\sample-src\temp\debug\players.obj
c:\program files (x86)\camfrog\camfrog bot\dev\samples\sample-src\temp\debug\questions.obj
c:\program files (x86)\camfrog\camfrog bot\dev\samples\sample-src\!output\versiond.ilk
c:\program files (x86)\camfrog\camfrog bot\dev\samples\sample-src\!output\versiond.dll
c:\program files (x86)\camfrog\camfrog bot\dev\samples\sample-src\!output\sample.pdb
c:\program files (x86)\camfrog\camfrog bot\dev\samples\sample-src\temp\debug\sample.res
c:\program files (x86)\camfrog\camfrog bot\dev\samples\sample-src\!output\sample.lib
c:\program files (x86)\camfrog\camfrog bot\dev\samples\sample-src\!output\sample.exp
c:\program files (x86)\camfrog\camfrog bot\dev\samples\sample-src\temp\debug\../../!output\sample.pdb
c:\program files (x86)\camfrog\camfrog bot\dev\samples\sample-src\temp\debug\sample.tlog\cl.command.1.tlog
c:\program files (x86)\camfrog\camfrog bot\dev\samples\sample-src\temp\debug\sample.tlog\cl.read.1.tlog
c:\program files (x86)\camfrog\camfrog bot\dev\samples\sample-src\temp\debug\sample.tlog\cl.write.1.tlog
c:\program files (x86)\camfrog\camfrog bot\dev\samples\sample-src\temp\debug\sample.tlog\link.command.1.tlog
c:\program files (x86)\camfrog\camfrog bot\dev\samples\sample-src\temp\debug\sample.tlog\link.read.1.tlog
c:\program files (x86)\camfrog\camfrog bot\dev\samples\sample-src\temp\debug\sample.tlog\link.write.1.tlog
c:\program files (x86)\camfrog\camfrog bot\dev\samples\sample-src\temp\debug\sample.tlog\rc.command.1.tlog
c:\program files (x86)\camfrog\camfrog bot\dev\samples\sample-src\temp\debug\sample.tlog\rc.read.1.tlog
c:\program files (x86)\camfrog\camfrog bot\dev\samples\sample-src\temp\debug\sample.tlog\rc.write.1.tlog
c:\program files (x86)\camfrog\camfrog bot\dev\samples\sample-src\temp\debug\sample.tlog\sample.write.1u.tlog
